\BOOKMARK [0][-]{Doc-Start}{\376\377\000L\000i\000s\000t\000\040\000o\000f\000\040\000T\000a\000b\000l\000e\000s}{}% 1
\BOOKMARK [0][-]{Doc-Start}{\376\377\000L\000i\000s\000t\000\040\000o\000f\000\040\000F\000i\000g\000u\000r\000e\000s}{}% 2
\BOOKMARK [0][-]{Doc-Start}{\376\377\000L\000i\000s\000t\000\040\000o\000f\000\040\000A\000b\000b\000r\000e\000v\000i\000a\000t\000i\000o\000n\000s}{}% 3
\BOOKMARK [0][-]{chapter.1}{\376\377\000I\000n\000t\000r\000o\000d\000u\000c\000t\000i\000o\000n}{}% 4
\BOOKMARK [1][-]{section.1.1}{\376\377\000B\000a\000c\000k\000g\000r\000o\000u\000n\000d}{chapter.1}% 5
\BOOKMARK [1][-]{section.1.2}{\376\377\000T\000h\000e\000\040\000Q\000u\000e\000r\000y\000\040\000R\000e\000d\000u\000n\000d\000a\000n\000c\000y\000\040\000O\000p\000p\000o\000r\000t\000u\000n\000i\000t\000y}{chapter.1}% 6
\BOOKMARK [1][-]{section.1.3}{\376\377\000L\000i\000m\000i\000t\000a\000t\000i\000o\000n\000s\000\040\000o\000f\000\040\000E\000x\000i\000s\000t\000i\000n\000g\000\040\000A\000p\000p\000r\000o\000a\000c\000h\000e\000s}{chapter.1}% 7
\BOOKMARK [1][-]{section.1.4}{\376\377\000P\000r\000o\000b\000l\000e\000m\000\040\000S\000t\000a\000t\000e\000m\000e\000n\000t}{chapter.1}% 8
\BOOKMARK [1][-]{section.1.5}{\376\377\000O\000b\000j\000e\000c\000t\000i\000v\000e\000s}{chapter.1}% 9
\BOOKMARK [1][-]{section.1.6}{\376\377\000S\000c\000o\000p\000e\000\040\000o\000f\000\040\000t\000h\000e\000\040\000P\000r\000o\000j\000e\000c\000t}{chapter.1}% 10
\BOOKMARK [1][-]{section.1.7}{\376\377\000O\000r\000g\000a\000n\000i\000z\000a\000t\000i\000o\000n\000\040\000o\000f\000\040\000t\000h\000e\000\040\000R\000e\000p\000o\000r\000t}{chapter.1}% 11
\BOOKMARK [0][-]{chapter.2}{\376\377\000L\000i\000t\000e\000r\000a\000t\000u\000r\000e\000\040\000R\000e\000v\000i\000e\000w}{}% 12
\BOOKMARK [1][-]{section.2.1}{\376\377\000I\000n\000t\000r\000o\000d\000u\000c\000t\000i\000o\000n}{chapter.2}% 13
\BOOKMARK [1][-]{section.2.2}{\376\377\000E\000x\000i\000s\000t\000i\000n\000g\000\040\000S\000e\000m\000a\000n\000t\000i\000c\000\040\000C\000a\000c\000h\000e\000\040\000S\000y\000s\000t\000e\000m\000s}{chapter.2}% 14
\BOOKMARK [1][-]{section.2.3}{\376\377\000R\000e\000l\000a\000t\000e\000d\000\040\000A\000l\000g\000o\000r\000i\000t\000h\000m\000i\000c\000\040\000F\000o\000u\000n\000d\000a\000t\000i\000o\000n\000s}{chapter.2}% 15
\BOOKMARK [1][-]{section.2.4}{\376\377\000L\000i\000t\000e\000r\000a\000t\000u\000r\000e\000\040\000S\000u\000r\000v\000e\000y\000\040\000S\000u\000m\000m\000a\000r\000y}{chapter.2}% 16
\BOOKMARK [1][-]{section.2.5}{\376\377\000R\000e\000s\000e\000a\000r\000c\000h\000\040\000G\000a\000p}{chapter.2}% 17
\BOOKMARK [0][-]{chapter.3}{\376\377\000S\000y\000s\000t\000e\000m\000\040\000D\000e\000s\000i\000g\000n}{}% 18
\BOOKMARK [1][-]{section.3.1}{\376\377\000H\000i\000g\000h\000-\000L\000e\000v\000e\000l\000\040\000A\000r\000c\000h\000i\000t\000e\000c\000t\000u\000r\000e}{chapter.3}% 19
\BOOKMARK [1][-]{section.3.2}{\376\377\000Q\000u\000e\000r\000y\000\040\000P\000i\000p\000e\000l\000i\000n\000e\000\040\000C\000o\000m\000p\000l\000e\000x\000i\000t\000y}{chapter.3}% 20
\BOOKMARK [1][-]{section.3.3}{\376\377\000C\000a\000c\000h\000e\000\040\000M\000a\000n\000a\000g\000e\000m\000e\000n\000t\000\040\000C\000o\000m\000p\000o\000n\000e\000n\000t\000s}{chapter.3}% 21
\BOOKMARK [1][-]{section.3.4}{\376\377\000T\000w\000o\000-\000T\000i\000e\000r\000\040\000L\000o\000o\000k\000u\000p\000\040\000A\000r\000c\000h\000i\000t\000e\000c\000t\000u\000r\000e}{chapter.3}% 22
\BOOKMARK [1][-]{section.3.5}{\376\377\000P\000e\000r\000-\000E\000n\000t\000r\000y\000\040\000C\000o\000n\000f\000o\000r\000m\000a\000l\000\040\000T\000h\000r\000e\000s\000h\000o\000l\000d\000s}{chapter.3}% 23
\BOOKMARK [1][-]{section.3.6}{\376\377\000T\000h\000o\000m\000p\000s\000o\000n\000\040\000S\000a\000m\000p\000l\000i\000n\000g\000\040\000B\000a\000n\000d\000i\000t\000\040\000f\000o\000r\000\040\000T\000h\000r\000e\000s\000h\000o\000l\000d\000\040\000E\000x\000p\000l\000o\000r\000a\000t\000i\000o\000n}{chapter.3}% 24
\BOOKMARK [1][-]{section.3.7}{\376\377\000A\000D\000W\000I\000N\000\040\000D\000r\000i\000f\000t\000\040\000D\000e\000t\000e\000c\000t\000i\000o\000n}{chapter.3}% 25
\BOOKMARK [1][-]{section.3.8}{\376\377\000S\000e\000m\000a\000n\000t\000i\000c\000\040\000W\000-\000T\000i\000n\000y\000L\000F\000U\000\040\000A\000d\000m\000i\000s\000s\000i\000o\000n\000\040\000P\000o\000l\000i\000c\000y}{chapter.3}% 26
\BOOKMARK [1][-]{section.3.9}{\376\377\000C\000o\000s\000t\000G\000D\000S\000F\000\040\000E\000v\000i\000c\000t\000i\000o\000n}{chapter.3}% 27
\BOOKMARK [1][-]{section.3.10}{\376\377\000S\000e\000s\000s\000i\000o\000n\000\040\000C\000o\000n\000t\000e\000x\000t\000\040\000F\000u\000s\000i\000o\000n}{chapter.3}% 28
\BOOKMARK [1][-]{section.3.11}{\376\377\000T\000e\000c\000h\000n\000o\000l\000o\000g\000y\000\040\000S\000t\000a\000c\000k}{chapter.3}% 29
\BOOKMARK [1][-]{section.3.12}{\376\377\000B\000a\000c\000k\000e\000n\000d\000\040\000M\000o\000d\000u\000l\000e\000\040\000S\000t\000r\000u\000c\000t\000u\000r\000e}{chapter.3}% 30
\BOOKMARK [1][-]{section.3.13}{\376\377\000A\000P\000I\000\040\000E\000n\000d\000p\000o\000i\000n\000t\000s}{chapter.3}% 31
\BOOKMARK [1][-]{section.3.14}{\376\377\000F\000r\000o\000n\000t\000e\000n\000d\000\040\000D\000a\000s\000h\000b\000o\000a\000r\000d}{chapter.3}% 32
\BOOKMARK [1][-]{section.3.15}{\376\377\000B\000e\000n\000c\000h\000m\000a\000r\000k\000\040\000F\000r\000a\000m\000e\000w\000o\000r\000k}{chapter.3}% 33
\BOOKMARK [1][-]{section.3.16}{\376\377\000T\000e\000s\000t\000i\000n\000g}{chapter.3}% 34
\BOOKMARK [1][-]{section.3.17}{\376\377\000D\000i\000s\000t\000r\000i\000b\000u\000t\000e\000d\000\040\000S\000y\000s\000t\000e\000m\000s\000\040\000D\000e\000s\000i\000g\000n}{chapter.3}% 35
\BOOKMARK [1][-]{section.3.18}{\376\377\000C\000o\000n\000f\000i\000g\000u\000r\000a\000t\000i\000o\000n\000\040\000P\000a\000r\000a\000m\000e\000t\000e\000r\000s}{chapter.3}% 36
\BOOKMARK [0][-]{chapter.4}{\376\377\000R\000e\000s\000u\000l\000t\000s\000\040\000a\000n\000d\000\040\000D\000i\000s\000c\000u\000s\000s\000i\000o\000n}{}% 37
\BOOKMARK [1][-]{section.4.1}{\376\377\000E\000x\000p\000e\000r\000i\000m\000e\000n\000t\000a\000l\000\040\000S\000e\000t\000u\000p}{chapter.4}% 38
\BOOKMARK [1][-]{section.4.2}{\376\377\000R\000e\000s\000u\000l\000t\000s\000\040\000o\000n\000\040\000N\000a\000t\000u\000r\000a\000l\000\040\000Q\000u\000e\000s\000t\000i\000o\000n\000s}{chapter.4}% 39
\BOOKMARK [1][-]{section.4.3}{\376\377\000R\000e\000s\000u\000l\000t\000s\000\040\000o\000n\000\040\000S\000Q\000u\000A\000D}{chapter.4}% 40
\BOOKMARK [1][-]{section.4.4}{\376\377\000P\000r\000e\000c\000i\000s\000i\000o\000n\000\040\000A\000n\000a\000l\000y\000s\000i\000s}{chapter.4}% 41
\BOOKMARK [1][-]{section.4.5}{\376\377\000L\000a\000t\000e\000n\000c\000y\000\040\000A\000n\000a\000l\000y\000s\000i\000s}{chapter.4}% 42
\BOOKMARK [1][-]{section.4.6}{\376\377\000T\000h\000o\000m\000p\000s\000o\000n\000\040\000S\000a\000m\000p\000l\000i\000n\000g\000\040\000A\000r\000m\000\040\000D\000i\000s\000t\000r\000i\000b\000u\000t\000i\000o\000n}{chapter.4}% 43
\BOOKMARK [1][-]{section.4.7}{\376\377\000C\000r\000o\000s\000s\000-\000D\000a\000t\000a\000s\000e\000t\000\040\000C\000o\000m\000p\000a\000r\000i\000s\000o\000n}{chapter.4}% 44
\BOOKMARK [1][-]{section.4.8}{\376\377\000A\000b\000l\000a\000t\000i\000o\000n\000\040\000A\000n\000a\000l\000y\000s\000i\000s}{chapter.4}% 45
\BOOKMARK [1][-]{section.4.9}{\376\377\000C\000o\000s\000t\000\040\000S\000a\000v\000i\000n\000g\000s\000\040\000E\000s\000t\000i\000m\000a\000t\000i\000o\000n}{chapter.4}% 46
\BOOKMARK [1][-]{section.4.10}{\376\377\000F\000a\000l\000s\000e\000\040\000P\000o\000s\000i\000t\000i\000v\000e\000\040\000A\000n\000a\000l\000y\000s\000i\000s}{chapter.4}% 47
\BOOKMARK [1][-]{section.4.11}{\376\377\000I\000m\000p\000l\000e\000m\000e\000n\000t\000a\000t\000i\000o\000n\000\040\000D\000e\000m\000o\000n\000s\000t\000r\000a\000t\000i\000o\000n}{chapter.4}% 48
\BOOKMARK [0][-]{chapter.5}{\376\377\000C\000h\000a\000l\000l\000e\000n\000g\000e\000s\000\040\000a\000n\000d\000\040\000S\000o\000l\000u\000t\000i\000o\000n\000s}{}% 49
\BOOKMARK [1][-]{section.5.1}{\376\377\000C\000o\000n\000f\000o\000r\000m\000a\000l\000\040\000T\000h\000r\000e\000s\000h\000o\000l\000d\000\040\000C\000o\000l\000d\000\040\000S\000t\000a\000r\000t}{chapter.5}% 50
\BOOKMARK [1][-]{section.5.2}{\376\377\000E\000m\000b\000e\000d\000d\000i\000n\000g\000\040\000M\000o\000d\000e\000l\000\040\000S\000e\000l\000e\000c\000t\000i\000o\000n}{chapter.5}% 51
\BOOKMARK [1][-]{section.5.3}{\376\377\000F\000A\000I\000S\000S\000\040\000M\000e\000m\000o\000r\000y\000\040\000M\000a\000n\000a\000g\000e\000m\000e\000n\000t}{chapter.5}% 52
\BOOKMARK [1][-]{section.5.4}{\376\377\000A\000d\000m\000i\000s\000s\000i\000o\000n\000\040\000P\000o\000l\000i\000c\000y\000\040\000C\000a\000l\000i\000b\000r\000a\000t\000i\000o\000n}{chapter.5}% 53
\BOOKMARK [1][-]{section.5.5}{\376\377\000L\000L\000M\000\040\000C\000o\000n\000v\000e\000r\000s\000a\000t\000i\000o\000n\000\040\000C\000o\000n\000t\000e\000x\000t}{chapter.5}% 54
\BOOKMARK [1][-]{section.5.6}{\376\377\000B\000e\000n\000c\000h\000m\000a\000r\000k\000\040\000F\000a\000i\000r\000n\000e\000s\000s\000\040\000a\000n\000d\000\040\000S\000h\000a\000r\000e\000d\000\040\000R\000e\000s\000o\000u\000r\000c\000e\000s}{chapter.5}% 55
\BOOKMARK [1][-]{section.5.7}{\376\377\000T\000e\000x\000t\000\040\000N\000o\000r\000m\000a\000l\000i\000z\000a\000t\000i\000o\000n\000\040\000C\000o\000n\000s\000i\000s\000t\000e\000n\000c\000y}{chapter.5}% 56
\BOOKMARK [1][-]{section.5.8}{\376\377\000C\000i\000r\000c\000u\000i\000t\000\040\000B\000r\000e\000a\000k\000e\000r\000\040\000f\000o\000r\000\040\000E\000x\000t\000e\000r\000n\000a\000l\000\040\000D\000e\000p\000e\000n\000d\000e\000n\000c\000i\000e\000s}{chapter.5}% 57
\BOOKMARK [1][-]{section.5.9}{\376\377\000C\000o\000u\000n\000t\000-\000M\000i\000n\000\040\000S\000k\000e\000t\000c\000h\000\040\000F\000r\000e\000q\000u\000e\000n\000c\000y\000\040\000A\000g\000i\000n\000g}{chapter.5}% 58
\BOOKMARK [0][-]{chapter.6}{\376\377\000C\000o\000n\000c\000l\000u\000s\000i\000o\000n}{}% 59
\BOOKMARK [1][-]{section.6.1}{\376\377\000C\000o\000n\000c\000l\000u\000s\000i\000o\000n}{chapter.6}% 60
\BOOKMARK [1][-]{section.6.2}{\376\377\000F\000u\000t\000u\000r\000e\000\040\000w\000o\000r\000k}{chapter.6}% 61
\BOOKMARK [0][-]{Item.30}{\376\377\000R\000e\000f\000e\000r\000e\000n\000c\000e\000s}{}% 62
\BOOKMARK [0][-]{Item.50}{\376\377\000A\000p\000p\000e\000n\000d\000i\000c\000e\000s}{}% 63
\BOOKMARK [1][-]{appendix*.21}{\376\377\000A\000p\000p\000e\000n\000d\000i\000x\000\040\000A\000:\000\040\000A\000P\000I\000\040\000R\000e\000q\000u\000e\000s\000t\000\040\000a\000n\000d\000\040\000R\000e\000s\000p\000o\000n\000s\000e\000\040\000F\000o\000r\000m\000a\000t\000s}{Item.50}% 64
\BOOKMARK [1][-]{appendix*.22}{\376\377\000A\000p\000p\000e\000n\000d\000i\000x\000\040\000B\000:\000\040\000C\000o\000d\000e\000\040\000S\000n\000i\000p\000p\000e\000t\000s}{Item.50}% 65
